Using pre-set license
Built from '2022.3/staging' branch; Version is '2022.3.47f1 (88c277b85d21) revision 8962679'; Using compiler version '192829333'; Build Type 'Release'
OS: 'Windows 11  (10.0.22631) 64bit CoreCountrySpecific' Language: 'zh' Physical Memory: 15662 MB
BatchMode: 1, IsHumanControllingUs: 0, StartBugReporterOnCrash: 0, Is64bit: 1, IsPro: 1

COMMAND LINE ARGUMENTS:
C:\Unity\2022.3.47f1\Editor\Unity.exe
-adb2
-batchMode
-noUpm
-name
AssetImportWorker17
-projectPath
C:/Unity/UnityProjects/Extend_RealitProjectPH
-logFile
Logs/AssetImportWorker17.log
-srvPort
54046
Successfully changed project path to: C:/Unity/UnityProjects/Extend_RealitProjectPH
C:/Unity/UnityProjects/Extend_RealitProjectPH
[UnityMemory] Configuration Parameters - Can be set up in boot.config
    "memorysetup-bucket-allocator-granularity=16"
    "memorysetup-bucket-allocator-bucket-count=8"
    "memorysetup-bucket-allocator-block-size=33554432"
    "memorysetup-bucket-allocator-block-count=8"
    "memorysetup-main-allocator-block-size=16777216"
    "memorysetup-thread-allocator-block-size=16777216"
    "memorysetup-gfx-main-allocator-block-size=16777216"
    "memorysetup-gfx-thread-allocator-block-size=16777216"
    "memorysetup-cache-allocator-block-size=4194304"
    "memorysetup-typetree-allocator-block-size=2097152"
    "memorysetup-profiler-bucket-allocator-granularity=16"
    "memorysetup-profiler-bucket-allocator-bucket-count=8"
    "memorysetup-profiler-bucket-allocator-block-size=33554432"
    "memorysetup-profiler-bucket-allocator-block-count=8"
    "memorysetup-profiler-allocator-block-size=16777216"
    "memorysetup-profiler-editor-allocator-block-size=1048576"
    "memorysetup-temp-allocator-size-main=16777216"
    "memorysetup-job-temp-allocator-block-size=2097152"
    "memorysetup-job-temp-allocator-block-size-background=1048576"
    "memorysetup-job-temp-allocator-reduction-small-platforms=262144"
    "memorysetup-allocator-temp-initial-block-size-main=262144"
    "memorysetup-allocator-temp-initial-block-size-worker=262144"
    "memorysetup-temp-allocator-size-background-worker=32768"
    "memorysetup-temp-allocator-size-job-worker=262144"
    "memorysetup-temp-allocator-size-preload-manager=33554432"
    "memorysetup-temp-allocator-size-nav-mesh-worker=65536"
    "memorysetup-temp-allocator-size-audio-worker=65536"
    "memorysetup-temp-allocator-size-cloud-worker=32768"
    "memorysetup-temp-allocator-size-gi-baking-worker=262144"
    "memorysetup-temp-allocator-size-gfx=262144"
Player connection [5832]  Target information:

Player connection [5832]  * "[IP] 192.168.137.1 [Port] 0 [Flags] 2 [Guid] 3232424675 [EditorId] 3232424675 [Version] 1048832 [Id] WindowsEditor(7,LAPTOP-LSICOISA) [Debug] 1 [PackageName] WindowsEditor [ProjectName] Editor" 

Player connection [5832] Host joined multi-casting on [225.0.0.222:54997]...
Player connection [5832] Host joined alternative multi-casting on [225.0.0.222:34997]...
[PhysX] Initialized MultithreadedTaskDispatcher with 16 workers.
Refreshing native plugins compatible for Editor in 24.98 ms, found 17 plugins.
Preloading 1 native plugins for Editor in 0.59 ms.
Initialize engine version: 2022.3.47f1 (88c277b85d21)
[Subsystems] Discovering subsystems at path C:/Unity/2022.3.47f1/Editor/Data/Resources/UnitySubsystems
[Subsystems] Discovering subsystems at path C:/Unity/UnityProjects/Extend_RealitProjectPH/Assets
GfxDevice: creating device client; threaded=0; jobified=0
Direct3D:
    Version:  Direct3D 11.0 [level 11.1]
    Renderer: NVIDIA GeForce RTX 4060 Laptop GPU (ID=0x28e0)
    Vendor:   NVIDIA
    VRAM:     7957 MB
    Driver:   32.0.15.6590
Initialize mono
Mono path[0] = 'C:/Unity/2022.3.47f1/Editor/Data/Managed'
Mono path[1] = 'C:/Unity/2022.3.47f1/Editor/Data/MonoBleedingEdge/lib/mono/unityjit-win32'
Mono config path = 'C:/Unity/2022.3.47f1/Editor/Data/MonoBleedingEdge/etc'
Using monoOptions --debugger-agent=transport=dt_socket,embedding=1,server=y,suspend=n,address=127.0.0.1:56280
Begin MonoManager ReloadAssembly
Registering precompiled unity dll's ...
Register platform support module: C:/Unity/2022.3.47f1/Editor/Data/PlaybackEngines/WindowsStandaloneSupport/UnityEditor.WindowsStandalone.Extensions.dll
Registered in 0.004660 seconds.
- Loaded All Assemblies, in  0.289 seconds
Native extension for WindowsStandalone target not found
Mono: successfully reloaded assembly
- Finished resetting the current domain, in  0.234 seconds
Domain Reload Profiling: 523ms
	BeginReloadAssembly (88ms)
		ExecutionOrderSort (0ms)
		DisableScriptedObjects (0ms)
		BackupInstance (0ms)
		ReleaseScriptingObjects (0ms)
		CreateAndSetChildDomain (1ms)
	RebuildCommonClasses (28ms)
	RebuildNativeTypeToScriptingClass (8ms)
	initialDomainReloadingComplete (46ms)
	LoadAllAssembliesAndSetupDomain (117ms)
		LoadAssemblies (86ms)
		RebuildTransferFunctionScriptingTraits (0ms)
		AnalyzeDomain (115ms)
			TypeCache.Refresh (114ms)
				TypeCache.ScanAssembly (103ms)
			ScanForSourceGeneratedMonoScriptInfo (0ms)
			ResolveRequiredComponents (0ms)
	FinalizeReload (235ms)
		ReleaseScriptCaches (0ms)
		RebuildScriptCaches (0ms)
		SetupLoadedEditorAssemblies (194ms)
			LogAssemblyErrors (0ms)
			InitializePlatformSupportModulesInManaged (8ms)
			SetLoadedEditorAssemblies (7ms)
			RefreshPlugins (0ms)
			BeforeProcessingInitializeOnLoad (2ms)
			ProcessInitializeOnLoadAttributes (133ms)
			ProcessInitializeOnLoadMethodAttributes (44ms)
			AfterProcessingInitializeOnLoad (0ms)
			EditorAssembliesLoaded (0ms)
		ExecutionOrderSort2 (0ms)
		AwakeInstancesAfterBackupRestoration (0ms)
========================================================================
Worker process is ready to serve import requests
Caller must complete domain reload
Begin MonoManager ReloadAssembly
Could not allocate memory: System out of memory!
Trying to allocate: 5215233B with 16 alignment. MemoryLabel: Serialization
Allocation happened at: Line:525 in C:\build\output\unity\unity\Runtime\Core\Containers\StringStorageDefault.h
Memory overview

[ ALLOC_TEMP_TLS ] used: 5244340B | peak: 0B | reserved: 24772608B 
[ ALLOC_MEMORYPROFILER ] used: 1098384B | peak: 1098384B | reserved: 2097152B 
[ ALLOC_DEFAULT ] used: 61774616B | peak: 0B | reserved: 83886080B 
[ ALLOC_TEMP_JOB_1_FRAME ] used: 0B | peak: 0B | reserved: 0B 
[ ALLOC_TEMP_JOB_2_FRAMES ] used: 0B | peak: 0B | reserved: 0B 
[ ALLOC_TEMP_JOB_4_FRAMES (JobTemp) ] used: 0B | peak: 0B | reserved: 2097152B 
[ ALLOC_TEMP_JOB_ASYNC (Background) ] used: 0B | peak: 0B | reserved: 2097152B 
[ ALLOC_GFX ] used: 71416B | peak: 0B | reserved: 16777216B 
[ ALLOC_CACHEOBJECTS ] used: 119519385B | peak: 0B | reserved: 127242240B 
[ ALLOC_TYPETREE ] used: 35323664B | peak: 0B | reserved: 39845888B 
[ ALLOC_PROFILER ] used: 41664B | peak: 52752B | reserved: 16777216B 
[ ALLOC_PROFILER_EDITOR ] used: 0B | peak: 0B | reserved: 0B 
Could not allocate memory: System out of memory!
Trying to allocate: 5215233B with 16 alignment. MemoryLabel: Serialization
Allocation happened at: Line:525 in C:\build\output\unity\unity\Runtime\Core\Containers\StringStorageDefault.h
Memory overview

[ ALLOC_TEMP_TLS ] used: 5244340B | peak: 0B | reserved: 24772608B 
[ ALLOC_MEMORYPROFILER ] used: 1098384B | peak: 1098384B | reserved: 2097152B 
[ ALLOC_DEFAULT ] used: 61774616B | peak: 0B | reserved: 83886080B 
[ ALLOC_TEMP_JOB_1_FRAME ] used: 0B | peak: 0B | reserved: 0B 
[ ALLOC_TEMP_JOB_2_FRAMES ] used: 0B | peak: 0B | reserved: 0B 
[ ALLOC_TEMP_JOB_4_FRAMES (JobTemp) ] used: 0B | peak: 0B | reserved: 2097152B 
[ ALLOC_TEMP_JOB_ASYNC (Background) ] used: 0B | peak: 0B | reserved: 2097152B 
[ ALLOC_GFX ] used: 71416B | peak: 0B | reserved: 16777216B 
[ ALLOC_CACHEOBJECTS ] used: 119519385B | peak: 0B | reserved: 127242240B 
[ ALLOC_TYPETREE ] used: 35323664B | peak: 0B | reserved: 39845888B 
[ ALLOC_PROFILER ] used: 41664B | peak: 52752B | reserved: 16777216B 
[ ALLOC_PROFILER_EDITOR ] used: 0B | peak: 0B | reserved: 0B 
Fatal Error! Could not allocate memory: System out of memory!
Trying to allocate: 5215233B with 16 alignment. MemoryLabel: Serialization
Allocation happened at: Line:525 in C:\build\output\unity\unity\Runtime\Core\Containers\StringStorageDefault.h
Memory overview

[ ALLOC_TEMP_TLS ] used: 5244340B | peak: 0B | reserved: 24772608B 
[ ALLOC_MEMORYPROFILER ] used: 1098384B | peak: 1098384B | reserved: 2097152B 
[ ALLOC_DEFAULT ] used: 61774616B | peak: 0B | reserved: 83886080B 
[ ALLOC_TEMP_JOB_1_FRAME ] used: 0B | peak: 0B | reserved: 0B 
[ ALLOC_TEMP_JOB_2_FRAMES ] used: 0B | peak: 0B | reserved: 0B 
[ ALLOC_TEMP_JOB_4_FRAMES (JobTemp) ] used: 0B | peak: 0B | reserved: 2097152B 
[ ALLOC_TEMP_JOB_ASYNC (Background) ] used: 0B | peak: 0B | reserved: 2097152B 
[ ALLOC_GFX ] used: 71416B | peak: 0B | reserved: 16777216B 
[ ALLOC_CACHEOBJECTS ] used: 119519385B | peak: 0B | reserved: 127242240B 
[ ALLOC_TYPETREE ] used: 35323664B | peak: 0B | reserved: 39845888B 
[ ALLOC_PROFILER ] used: 41664B | peak: 52752B | reserved: 16777216B 
[ ALLOC_PROFILER_EDITOR ] used: 0B | peak: 0B | reserved: 0B 

Crash!!!
SymInit: Symbol-SearchPath: 'C:/Unity/2022.3.47f1/Editor/Data/Mono;.;C:\Unity\UnityProjects\Extend_RealitProjectPH;C:\Unity\UnityProjects\Extend_RealitProjectPH\Library\BurstCache\JIT;C:\Unity\2022.3.47f1\Editor;C:\Windows;C:\Windows\system32;', symOptions: 534, UserName: 'PH123'
OS-Version: 10.0.0
C:\Unity\2022.3.47f1\Editor\Unity.exe:Unity.exe (00007FF6226E0000), size: 82370560 (result: 0), SymType: '-deferred-', PDB: '', fileVersion: 2022.3.47.49783
C:\Windows\SYSTEM32\ntdll.dll:ntdll.dll (00007FF9B9BF0000), size: 2191360 (result: 0), SymType: '-deferred-', PDB: '', fileVersion: 10.0.22621.4391
C:\Windows\System32\KERNEL32.DLL:KERNEL32.DLL (00007FF9B7910000), size: 802816 (result: 0), SymType: '-deferred-', PDB: '', fileVersion: 10.0.22621.4391
C:\Windows\System32\KERNELBASE.dll:KERNELBASE.dll (00007FF9B71D0000), size: 3903488 (result: 0), SymType: '-deferred-', PDB: '', fileVersion: 10.0.22621.4391
C:\Windows\System32\CRYPT32.dll:CRYPT32.dll (00007FF9B76E0000), size: 1466368 (result: 0), SymType: '-deferred-', PDB: '', fileVersion: 10.0.22621.4391
C:\Windows\System32\ucrtbase.dll:ucrtbase.dll (00007FF9B75C0000), size: 1118208 (result: 0), SymType: '-deferred-', PDB: '', fileVersion: 10.0.22621.3593
C:\Windows\System32\bcrypt.dll:bcrypt.dll (00007FF9B7590000), size: 163840 (result: 0), SymType: '-deferred-', PDB: '', fileVersion: 10.0.22621.2506
C:\Windows\System32\USER32.dll:USER32.dll (00007FF9B9480000), size: 1761280 (result: 0), SymType: '-deferred-', PDB: '', fileVersion: 10.0.22621.4391
C:\Unity\2022.3.47f1\Editor\libfbxsdk.dll:libfbxsdk.dll (00007FF8EEC60000), size: 8019968 (result: 0), SymType: '-deferred-', PDB: '', fileVersion: 2020.3.7.0
C:\Windows\System32\win32u.dll:win32u.dll (00007FF9B7080000), size: 155648 (result: 0), SymType: '-deferred-', PDB: '', fileVersion: 10.0.22621.4460
C:\Unity\2022.3.47f1\Editor\s3tcompress.dll:s3tcompress.dll (00007FF980930000), size: 180224 (result: 0), SymType: '-deferred-', PDB: ''
C:\Unity\2022.3.47f1\Editor\etccompress.dll:etccompress.dll (00007FF8EE780000), size: 5066752 (result: 0), SymType: '-deferred-', PDB: ''
C:\Windows\System32\ADVAPI32.dll:ADVAPI32.dll (00007FF9B92A0000), size: 729088 (result: 0), SymType: '-deferred-', PDB: '', fileVersion: 10.0.22621.4391
C:\Windows\System32\GDI32.dll:GDI32.dll (00007FF9B7F10000), size: 167936 (result: 0), SymType: '-deferred-', PDB: '', fileVersion: 10.0.22621.4036
C:\Unity\2022.3.47f1\Editor\ispc_texcomp.dll:ispc_texcomp.dll (00007FF90CEE0000), size: 1826816 (result: 0), SymType: '-deferred-', PDB: ''
C:\Unity\2022.3.47f1\Editor\compress_bc7e.dll:compress_bc7e.dll (00007FF910870000), size: 1433600 (result: 0), SymType: '-deferred-', PDB: ''
C:\Windows\System32\msvcrt.dll:msvcrt.dll (00007FF9B79E0000), size: 684032 (result: 0), SymType: '-deferred-', PDB: '', fileVersion: 7.0.22621.2506
C:\Windows\System32\gdi32full.dll:gdi32full.dll (00007FF9B70B0000), size: 1159168 (result: 0), SymType: '-deferred-', PDB: '', fileVersion: 10.0.22621.4391
C:\Unity\2022.3.47f1\Editor\FreeImage.dll:FreeImage.dll (0000000180000000), size: 5783552 (result: 0), SymType: '-deferred-', PDB: '', fileVersion: 3.18.0.0
C:\Unity\2022.3.47f1\Editor\WinPixEventRuntime.dll:WinPixEventRuntime.dll (00007FF9B31C0000), size: 45056 (result: 0), SymType: '-deferred-', PDB: '', fileVersion: 1.0.1812.6001
C:\Windows\System32\sechost.dll:sechost.dll (00007FF9B8E00000), size: 684032 (result: 0), SymType: '-deferred-', PDB: '', fileVersion: 10.0.22621.4391
C:\Windows\System32\msvcp_win.dll:msvcp_win.dll (00007FF9B6EF0000), size: 630784 (result: 0), SymType: '-deferred-', PDB: '', fileVersion: 10.0.22621.3374
C:\Windows\System32\WS2_32.dll:WS2_32.dll (00007FF9B9880000), size: 462848 (result: 0), SymType: '-deferred-', PDB: '', fileVersion: 10.0.22621.1
C:\Windows\System32\SHELL32.dll:SHELL32.dll (00007FF9B83F0000), size: 8871936 (result: 0), SymType: '-deferred-', PDB: '', fileVersion: 10.0.22621.4460
C:\Windows\System32\RPCRT4.dll:RPCRT4.dll (00007FF9B9360000), size: 1130496 (result: 0), SymType: '-deferred-', PDB: '', fileVersion: 10.0.22621.4249
C:\Unity\2022.3.47f1\Editor\umbraoptimizer64.dll:umbraoptimizer64.dll (00007FF90D520000), size: 1187840 (result: 0), SymType: '-deferred-', PDB: ''
C:\Windows\System32\SHLWAPI.dll:SHLWAPI.dll (00007FF9B9630000), size: 385024 (result: 0), SymType: '-deferred-', PDB: '', fileVersion: 10.0.22621.4391
C:\Windows\System32\ole32.dll:ole32.dll (00007FF9B8040000), size: 1724416 (result: 0), SymType: '-deferred-', PDB: '', fileVersion: 10.0.22621.3958
C:\Windows\System32\combase.dll:combase.dll (00007FF9B8EC0000), size: 3731456 (result: 0), SymType: '-deferred-', PDB: '', fileVersion: 10.0.22621.4391
C:\Windows\System32\IMM32.dll:IMM32.dll (00007FF9B8300000), size: 200704 (result: 0), SymType: '-deferred-', PDB: '', fileVersion: 10.0.22621.3374
C:\Windows\System32\SETUPAPI.dll:SETUPAPI.dll (00007FF9B7A90000), size: 4669440 (result: 0), SymType: '-deferred-', PDB: '', fileVersion: 10.0.22621.2506
C:\Windows\SYSTEM32\MSVCP140.dll:MSVCP140.dll (00007FF9A2640000), size: 577536 (result: 0), SymType: '-deferred-', PDB: '', fileVersion: 14.40.33810.0
C:\Windows\SYSTEM32\VCRUNTIME140.dll:VCRUNTIME140.dll (00007FF9A2760000), size: 122880 (result: 0), SymType: '-deferred-', PDB: '', fileVersion: 14.40.33810.0
C:\Windows\SYSTEM32\VCRUNTIME140_1.dll:VCRUNTIME140_1.dll (00007FF9A2780000), size: 49152 (result: 0), SymType: '-deferred-', PDB: '', fileVersion: 14.40.33810.0
C:\Windows\System32\OLEAUT32.dll:OLEAUT32.dll (00007FF9B9690000), size: 880640 (result: 0), SymType: '-deferred-', PDB: '', fileVersion: 10.0.22621.3672
C:\Windows\System32\WINTRUST.dll:WINTRUST.dll (00007FF9B7010000), size: 442368 (result: 0), SymType: '-deferred-', PDB: '', fileVersion: 10.0.22621.4391
C:\Windows\SYSTEM32\OPENGL32.dll:OPENGL32.dll (00007FF9255C0000), size: 1048576 (result: 0), SymType: '-deferred-', PDB: '', fileVersion: 10.0.22621.4391
C:\Windows\SYSTEM32\GLU32.dll:GLU32.dll (00007FF92B4E0000), size: 184320 (result: 0), SymType: '-deferred-', PDB: '', fileVersion: 10.0.22621.2506
C:\Windows\SYSTEM32\IPHLPAPI.DLL:IPHLPAPI.DLL (00007FF9B59D0000), size: 184320 (result: 0), SymType: '-deferred-', PDB: '', fileVersion: 10.0.22621.1
C:\Windows\SYSTEM32\WINHTTP.dll:WINHTTP.dll (00007FF9B1D00000), size: 1269760 (result: 0), SymType: '-deferred-', PDB: '', fileVersion: 10.0.22621.4391
C:\Windows\SYSTEM32\HID.DLL:HID.DLL (00007FF9B5700000), size: 57344 (result: 0), SymType: '-deferred-', PDB: '', fileVersion: 10.0.22621.1
C:\Windows\SYSTEM32\WINMM.dll:WINMM.dll (00007FF9AE2C0000), size: 212992 (result: 0), SymType: '-deferred-', PDB: '', fileVersion: 10.0.22621.4391
C:\Windows\SYSTEM32\dwmapi.dll:dwmapi.dll (00007FF9B35B0000), size: 176128 (result: 0), SymType: '-deferred-', PDB: '', fileVersion: 10.0.22621.4391
C:\Unity\2022.3.47f1\Editor\SketchUpAPI.dll:SketchUpAPI.dll (00007FF8EDEE0000), size: 8990720 (result: 0), SymType: '-deferred-', PDB: '', fileVersion: 23.0.0.0
C:\Unity\2022.3.47f1\Editor\NativeProxyHelper.dll:NativeProxyHelper.dll (00007FF90CC40000), size: 1789952 (result: 0), SymType: '-deferred-', PDB: ''
C:\Windows\SYSTEM32\VERSION.dll:VERSION.dll (00007FF9ADC10000), size: 40960 (result: 0), SymType: '-deferred-', PDB: '', fileVersion: 10.0.22621.1
C:\Windows\SYSTEM32\WSOCK32.dll:WSOCK32.dll (00007FF9836A0000), size: 36864 (result: 0), SymType: '-deferred-', PDB: '', fileVersion: 10.0.22621.1
C:\Unity\2022.3.47f1\Editor\SketchUpCommonPreferences.dll:SketchUpCommonPreferences.dll (00007FF963000000), size: 499712 (result: 0), SymType: '-deferred-', PDB: '', fileVersion: 23.0.0.0
C:\Windows\SYSTEM32\Secur32.dll:Secur32.dll (00007FF9B5DB0000), size: 49152 (result: 0), SymType: '-deferred-', PDB: '', fileVersion: 10.0.22621.1
C:\Windows\SYSTEM32\dxcore.dll:dxcore.dll (00007FF9B44F0000), size: 225280 (result: 0), SymType: '-deferred-', PDB: '', fileVersion: 10.0.22621.4391
C:\Windows\SYSTEM32\SSPICLI.DLL:SSPICLI.DLL (00007FF9B6250000), size: 274432 (result: 0), SymType: '-deferred-', PDB: '', fileVersion: 10.0.22621.3810
C:\Unity\2022.3.47f1\Editor\OpenRL.dll:OpenRL.dll (000001E512490000), size: 12779520 (result: 0), SymType: '-deferred-', PDB: '', fileVersion: 1.5.0.2907
C:\Windows\SYSTEM32\MSVCP100.dll:MSVCP100.dll (0000000066850000), size: 622592 (result: 0), SymType: '-deferred-', PDB: '', fileVersion: 10.0.40219.325
C:\Windows\SYSTEM32\MSVCR100.dll:MSVCR100.dll (0000000066770000), size: 860160 (result: 0), SymType: '-deferred-', PDB: '', fileVersion: 10.0.40219.325
C:\Unity\2022.3.47f1\Editor\embree.dll:embree.dll (00007FF8ECEF0000), size: 16711680 (result: 0), SymType: '-deferred-', PDB: '', fileVersion: 2.14.0.0
C:\Windows\SYSTEM32\cfgmgr32.DLL:cfgmgr32.DLL (00007FF9B6BE0000), size: 319488 (result: 0), SymType: '-deferred-', PDB: '', fileVersion: 10.0.22621.2506
C:\Unity\2022.3.47f1\Editor\tbb.dll:tbb.dll (00007FF967380000), size: 413696 (result: 0), SymType: '-deferred-', PDB: '', fileVersion: 2017.0.2016.1004
C:\Windows\SYSTEM32\MSWSOCK.DLL:MSWSOCK.DLL (00007FF9B6460000), size: 430080 (result: 0), SymType: '-deferred-', PDB: '', fileVersion: 10.0.22621.2506
C:\Windows\SYSTEM32\MSVCP120.dll:MSVCP120.dll (00007FF940630000), size: 679936 (result: 0), SymType: '-deferred-', PDB: '', fileVersion: 12.0.21005.1
C:\Windows\SYSTEM32\MSVCR120.dll:MSVCR120.dll (00007FF8C90E0000), size: 978944 (result: 0), SymType: '-deferred-', PDB: '', fileVersion: 12.0.21005.1
C:\Unity\2022.3.47f1\Editor\OpenRL_pthread.dll:OpenRL_pthread.dll (000001E5130E0000), size: 61440 (result: 0), SymType: '-deferred-', PDB: '', fileVersion: 2.9.0.0
C:\Windows\SYSTEM32\MSASN1.dll:MSASN1.dll (00007FF9B6B90000), size: 73728 (result: 0), SymType: '-deferred-', PDB: '', fileVersion: 10.0.22621.2506
C:\Windows\System32\bcryptprimitives.dll:bcryptprimitives.dll (00007FF9B6F90000), size: 503808 (result: 0), SymType: '-deferred-', PDB: '', fileVersion: 10.0.22621.4317
C:\Windows\SYSTEM32\kernel.appcore.dll:kernel.appcore.dll (00007FF9B5FE0000), size: 98304 (result: 0), SymType: '-deferred-', PDB: '', fileVersion: 10.0.22621.3958
C:\Windows\system32\uxtheme.dll:uxtheme.dll (00007FF9B3420000), size: 724992 (result: 0), SymType: '-deferred-', PDB: '', fileVersion: 10.0.22621.4391
C:\Windows\SYSTEM32\windows.storage.dll:windows.storage.dll (00007FF9B4DC0000), size: 9449472 (result: 0), SymType: '-deferred-', PDB: '', fileVersion: 10.0.22621.4391
C:\Windows\SYSTEM32\wintypes.dll:wintypes.dll (00007FF9B4C80000), size: 1306624 (result: 0), SymType: '-deferred-', PDB: '', fileVersion: 10.0.22621.3810
C:\Windows\System32\SHCORE.dll:SHCORE.dll (00007FF9B81F0000), size: 1019904 (result: 0), SymType: '-deferred-', PDB: '', fileVersion: 10.0.22621.4391
C:\Windows\SYSTEM32\profapi.dll:profapi.dll (00007FF9B6E20000), size: 176128 (result: 0), SymType: '-deferred-', PDB: '', fileVersion: 10.0.22621.4391
C:\Windows\system32\IconCodecService.dll:IconCodecService.dll (00007FF9B31A0000), size: 36864 (result: 0), SymType: '-deferred-', PDB: '', fileVersion: 10.0.22621.1
C:\Windows\SYSTEM32\WindowsCodecs.dll:WindowsCodecs.dll (00007FF9B3230000), size: 1769472 (result: 0), SymType: '-deferred-', PDB: '', fileVersion: 10.0.22621.4455
C:\Windows\System32\clbcatq.dll:clbcatq.dll (00007FF9B8340000), size: 720896 (result: 0), SymType: '-deferred-', PDB: '', fileVersion: 2001.12.10941.16384
C:\Windows\System32\netprofm.dll:netprofm.dll (00007FF9B2CF0000), size: 491520 (result: 0), SymType: '-deferred-', PDB: '', fileVersion: 10.0.22621.3527
C:\Windows\System32\npmproxy.dll:npmproxy.dll (00007FF9B0410000), size: 98304 (result: 0), SymType: '-deferred-', PDB: '', fileVersion: 10.0.22621.3527
C:\Windows\System32\NSI.dll:NSI.dll (00007FF9B8DF0000), size: 36864 (result: 0), SymType: '-deferred-', PDB: '', fileVersion: 10.0.22621.1
C:\Windows\SYSTEM32\dhcpcsvc6.DLL:dhcpcsvc6.DLL (00007FF9B1AE0000), size: 102400 (result: 0), SymType: '-deferred-', PDB: '', fileVersion: 10.0.22621.2506
C:\Windows\SYSTEM32\dhcpcsvc.DLL:dhcpcsvc.DLL (00007FF9B1AB0000), size: 126976 (result: 0), SymType: '-deferred-', PDB: '', fileVersion: 10.0.22621.2506
C:\Windows\SYSTEM32\DNSAPI.dll:DNSAPI.dll (00007FF9B5A00000), size: 1056768 (result: 0), SymType: '-deferred-', PDB: '', fileVersion: 10.0.22621.4391
C:\Windows\system32\napinsp.dll:napinsp.dll (00007FF9913A0000), size: 94208 (result: 0), SymType: '-deferred-', PDB: '', fileVersion: 10.0.22621.1
C:\Windows\system32\pnrpnsp.dll:pnrpnsp.dll (00007FF98F8C0000), size: 110592 (result: 0), SymType: '-deferred-', PDB: '', fileVersion: 10.0.22621.1
C:\Windows\System32\winrnr.dll:winrnr.dll (00007FF991400000), size: 69632 (result: 0), SymType: '-deferred-', PDB: '', fileVersion: 10.0.22621.1
C:\Windows\system32\wshbth.dll:wshbth.dll (00007FF9B06B0000), size: 86016 (result: 0), SymType: '-deferred-', PDB: '', fileVersion: 10.0.22621.3958
C:\Windows\system32\nlansp_c.dll:nlansp_c.dll (00007FF98F7B0000), size: 159744 (result: 0), SymType: '-deferred-', PDB: '', fileVersion: 10.0.22621.4391
C:\Windows\System32\fwpuclnt.dll:fwpuclnt.dll (00007FF9B05B0000), size: 536576 (result: 0), SymType: '-deferred-', PDB: '', fileVersion: 10.0.22621.4249
C:\Windows\System32\rasadhlp.dll:rasadhlp.dll (00007FF9B0500000), size: 40960 (result: 0), SymType: '-deferred-', PDB: '', fileVersion: 10.0.22621.1
C:\Unity\2022.3.47f1\Editor\NVUnityPlugin.DLL:NVUnityPlugin.DLL (00007FF8F4070000), size: 1519616 (result: 0), SymType: '-deferred-', PDB: ''
C:\Unity\2022.3.47f1\Editor\Data\Tools\astcenc-avx2.dll:astcenc-avx2.dll (00007FF95D230000), size: 540672 (result: 0), SymType: '-deferred-', PDB: ''
C:\Windows\System32\MMDevApi.dll:MMDevApi.dll (00007FF9A1C70000), size: 647168 (result: 0), SymType: '-deferred-', PDB: '', fileVersion: 10.0.22621.4111
C:\Windows\System32\DEVOBJ.dll:DEVOBJ.dll (00007FF9B6BB0000), size: 180224 (result: 0), SymType: '-deferred-', PDB: '', fileVersion: 10.0.22621.2506
C:\Unity\UnityProjects\Extend_RealitProjectPH\Library\PackageCache\com.unity.xr.oculus@4.2.0\Runtime\x64\AudioPluginOculusSpatializer.dll:AudioPluginOculusSpatializer.dll (00007FF8ECC20000), size: 2899968 (result: 0), SymType: '-deferred-', PDB: ''
C:\Windows\SYSTEM32\d3d11.dll:d3d11.dll (00007FF9B4110000), size: 2453504 (result: 0), SymType: '-deferred-', PDB: '', fileVersion: 10.0.22621.4391
C:\Windows\SYSTEM32\dxgi.dll:dxgi.dll (00007FF9B4390000), size: 1011712 (result: 0), SymType: '-deferred-', PDB: '', fileVersion: 10.0.22621.4036
C:\Windows\SYSTEM32\directxdatabasehelper.dll:directxdatabasehelper.dll (00007FF9AE540000), size: 299008 (result: 0), SymType: '-deferred-', PDB: '', fileVersion: 10.0.22621.4391
C:\Windows\System32\DriverStore\FileRepository\nvami.inf_amd64_e100b3b448c53ea8\nvldumdx.dll:nvldumdx.dll (00007FF9724A0000), size: 802816 (result: 0), SymType: '-deferred-', PDB: '', fileVersion: 32.0.15.6590
C:\Windows\SYSTEM32\cryptnet.dll:cryptnet.dll (00007FF9ADBD0000), size: 204800 (result: 0), SymType: '-deferred-', PDB: '', fileVersion: 10.0.22621.1
C:\Windows\SYSTEM32\cryptbase.dll:cryptbase.dll (00007FF9B6680000), size: 49152 (result: 0), SymType: '-deferred-', PDB: '', fileVersion: 10.0.22621.1
C:\Windows\SYSTEM32\wldp.dll:wldp.dll (00007FF9B67A0000), size: 299008 (result: 0), SymType: '-deferred-', PDB: '', fileVersion: 10.0.22621.4036
C:\Windows\SYSTEM32\drvstore.dll:drvstore.dll (00007FF9AC550000), size: 1449984 (result: 0), SymType: '-deferred-', PDB: '', fileVersion: 10.0.22621.4391
C:\Windows\System32\imagehlp.dll:imagehlp.dll (00007FF9B9780000), size: 126976 (result: 0), SymType: '-deferred-', PDB: '', fileVersion: 10.0.22621.1
C:\Windows\SYSTEM32\CRYPTSP.dll:CRYPTSP.dll (00007FF9B6690000), size: 110592 (result: 0), SymType: '-deferred-', PDB: '', fileVersion: 10.0.22621.3672
C:\Windows\system32\rsaenh.dll:rsaenh.dll (00007FF9B5F40000), size: 217088 (result: 0), SymType: '-deferred-', PDB: '', fileVersion: 10.0.22621.4249
C:\Windows\System32\DriverStore\FileRepository\nvami.inf_amd64_e100b3b448c53ea8\nvgpucomp64.dll:nvgpucomp64.dll (00007FF947EB0000), size: 47251456 (result: 0), SymType: '-deferred-', PDB: '', fileVersion: 32.0.15.6590
C:\Windows\System32\DriverStore\FileRepository\nvami.inf_amd64_e100b3b448c53ea8\Display.NvContainer\NvMessageBus.dll:NvMessageBus.dll (00007FF9A46B0000), size: 3506176 (result: 0), SymType: '-deferred-', PDB: '', fileVersion: 3.12.3354.5005
C:\Windows\System32\DriverStore\FileRepository\nvami.inf_amd64_e100b3b448c53ea8\nvwgf2umx.dll:nvwgf2umx.dll (00007FF8CF850000), size: 71811072 (result: 0), SymType: '-deferred-', PDB: '', fileVersion: 32.0.15.6590
C:\Windows\SYSTEM32\powrprof.dll:powrprof.dll (00007FF9B5D40000), size: 315392 (result: 0), SymType: '-deferred-', PDB: '', fileVersion: 10.0.22621.3958
C:\Windows\SYSTEM32\UMPDC.dll:UMPDC.dll (00007FF9B5D20000), size: 77824 (result: 0), SymType: '-deferred-', PDB: '', fileVersion: 10.0.22621.1
C:\Windows\system32\nvspcap64.dll:nvspcap64.dll (00007FF96AE90000), size: 2949120 (result: 0), SymType: '-deferred-', PDB: '', fileVersion: 3.28.0.417
C:\Windows\SYSTEM32\ntmarta.dll:ntmarta.dll (00007FF9B6100000), size: 212992 (result: 0), SymType: '-deferred-', PDB: '', fileVersion: 10.0.22621.1
C:\Windows\System32\DriverStore\FileRepository\nvami.inf_amd64_e100b3b448c53ea8\nvppex.dll:nvppex.dll (00007FF974650000), size: 1396736 (result: 0), SymType: '-deferred-', PDB: '', fileVersion: 32.0.15.6590
C:\Windows\system32\wbem\wbemprox.dll:wbemprox.dll (00007FF9AD740000), size: 65536 (result: 0), SymType: '-deferred-', PDB: '', fileVersion: 10.0.22621.3672
C:\Windows\SYSTEM32\wbemcomn.dll:wbemcomn.dll (00007FF9AA4B0000), size: 524288 (result: 0), SymType: '-deferred-', PDB: '', fileVersion: 10.0.22621.2506
C:\Windows\system32\wbem\wbemsvc.dll:wbemsvc.dll (00007FF9A3920000), size: 81920 (result: 0), SymType: '-deferred-', PDB: '', fileVersion: 10.0.22621.3672
C:\Windows\system32\wbem\fastprox.dll:fastprox.dll (00007FF9A3F10000), size: 1015808 (result: 0), SymType: '-deferred-', PDB: '', fileVersion: 10.0.22621.4391
C:\Windows\SYSTEM32\amsi.dll:amsi.dll (00007FF9A3770000), size: 118784 (result: 0), SymType: '-deferred-', PDB: '', fileVersion: 10.0.22621.3527
C:\Windows\SYSTEM32\USERENV.dll:USERENV.dll (00007FF9B6520000), size: 163840 (result: 0), SymType: '-deferred-', PDB: '', fileVersion: 10.0.22621.3527
C:\ProgramData\Microsoft\Windows Defender\Platform\4.18.24090.11-0\MpOav.dll:MpOav.dll (00007FF9A32A0000), size: 536576 (result: 0), SymType: '-deferred-', PDB: '', fileVersion: 4.18.24090.11
C:\Unity\2022.3.47f1\Editor\cudart64_90.dll:cudart64_90.dll (00007FF95CDF0000), size: 397312 (result: 0), SymType: '-deferred-', PDB: '', fileVersion: 6.14.11.9000
C:\Windows\SYSTEM32\opencl.dll:opencl.dll (00007FF95F990000), size: 225280 (result: 0), SymType: '-deferred-', PDB: '', fileVersion: 3.0.6.0
C:\Unity\2022.3.47f1\Editor\radeonrays.dll:radeonrays.dll (00007FF950E20000), size: 557056 (result: 0), SymType: '-deferred-', PDB: ''
C:\Unity\2022.3.47f1\Editor\Data\MonoBleedingEdge\EmbedRuntime\mono-2.0-bdwgc.dll:mono-2.0-bdwgc.dll (00007FF8EC1C0000), size: 10825728 (result: 0), SymType: '-deferred-', PDB: ''
C:\Windows\SYSTEM32\dbghelp.dll:dbghelp.dll (00007FF9B3ED0000), size: 2301952 (result: 0), SymType: '-deferred-', PDB: '', fileVersion: 10.0.22621.3593

========== OUTPUTTING STACK TRACE ==================

SymInit: Symbol-SearchPath: 'C:/Unity/2022.3.47f1/Editor/Data/Mono;.;C:\Unity\UnityProjects\Extend_RealitProjectPH;C:\Unity\UnityProjects\Extend_RealitProjectPH\Library\BurstCache\JIT;C:\Unity\2022.3.47f1\Editor;C:\Windows;C:\Windows\system32;', symOptions: 534, UserName: 'PH123'
OS-Version: 10.0.0
C:\Unity\2022.3.47f1\Editor\Unity.exe:Unity.exe (00007FF6226E0000), size: 82370560 (result: 0), SymType: '-nosymbols-', PDB: 'C:\Unity\2022.3.47f1\Editor\Unity.exe', fileVersion: 2022.3.47.49783
C:\Windows\SYSTEM32\ntdll.dll:ntdll.dll (00007FF9B9BF0000), size: 2191360 (result: 0), SymType: '-nosymbols-', PDB: 'C:\Windows\SYSTEM32\ntdll.dll', fileVersion: 10.0.22621.4391
C:\Windows\System32\KERNEL32.DLL:KERNEL32.DLL (00007FF9B7910000), size: 802816 (result: 0), SymType: '-nosymbols-', PDB: 'C:\Windows\System32\KERNEL32.DLL', fileVersion: 10.0.22621.4391
C:\Windows\System32\KERNELBASE.dll:KERNELBASE.dll (00007FF9B71D0000), size: 3903488 (result: 0), SymType: '-nosymbols-', PDB: 'C:\Windows\System32\KERNELBASE.dll', fileVersion: 10.0.22621.4391
C:\Windows\System32\CRYPT32.dll:CRYPT32.dll (00007FF9B76E0000), size: 1466368 (result: 0), SymType: '-nosymbols-', PDB: 'C:\Windows\System32\CRYPT32.dll', fileVersion: 10.0.22621.4391
C:\Windows\System32\ucrtbase.dll:ucrtbase.dll (00007FF9B75C0000), size: 1118208 (result: 0), SymType: '-nosymbols-', PDB: 'C:\Windows\System32\ucrtbase.dll', fileVersion: 10.0.22621.3593
C:\Windows\System32\bcrypt.dll:bcrypt.dll (00007FF9B7590000), size: 163840 (result: 0), SymType: '-nosymbols-', PDB: 'C:\Windows\System32\bcrypt.dll', fileVersion: 10.0.22621.2506
C:\Windows\System32\USER32.dll:USER32.dll (00007FF9B9480000), size: 1761280 (result: 0), SymType: '-nosymbols-', PDB: 'C:\Windows\System32\USER32.dll', fileVersion: 10.0.22621.4391
C:\Unity\2022.3.47f1\Editor\libfbxsdk.dll:libfbxsdk.dll (00007FF8EEC60000), size: 8019968 (result: 0), SymType: '-nosymbols-', PDB: 'C:\Unity\2022.3.47f1\Editor\libfbxsdk.dll', fileVersion: 2020.3.7.0
C:\Windows\System32\win32u.dll:win32u.dll (00007FF9B7080000), size: 155648 (result: 0), SymType: '-exported-', PDB: 'C:\Windows\System32\win32u.dll', fileVersion: 10.0.22621.4460
C:\Unity\2022.3.47f1\Editor\s3tcompress.dll:s3tcompress.dll (00007FF980930000), size: 180224 (result: 0), SymType: '-nosymbols-', PDB: 'C:\Unity\2022.3.47f1\Editor\s3tcompress.dll'
C:\Unity\2022.3.47f1\Editor\etccompress.dll:etccompress.dll (00007FF8EE780000), size: 5066752 (result: 0), SymType: '-nosymbols-', PDB: 'C:\Unity\2022.3.47f1\Editor\etccompress.dll'
C:\Windows\System32\ADVAPI32.dll:ADVAPI32.dll (00007FF9B92A0000), size: 729088 (result: 0), SymType: '-nosymbols-', PDB: 'C:\Windows\System32\ADVAPI32.dll', fileVersion: 10.0.22621.4391
C:\Windows\System32\GDI32.dll:GDI32.dll (00007FF9B7F10000), size: 167936 (result: 0), SymType: '-nosymbols-', PDB: 'C:\Windows\System32\GDI32.dll', fileVersion: 10.0.22621.4036
C:\Unity\2022.3.47f1\Editor\ispc_texcomp.dll:ispc_texcomp.dll (00007FF90CEE0000), size: 1826816 (result: 0), SymType: '-nosymbols-', PDB: 'C:\Unity\2022.3.47f1\Editor\ispc_texcomp.dll'
C:\Unity\2022.3.47f1\Editor\compress_bc7e.dll:compress_bc7e.dll (00007FF910870000), size: 1433600 (result: 0), SymType: '-nosymbols-', PDB: 'C:\Unity\2022.3.47f1\Editor\compress_bc7e.dll'
C:\Windows\System32\msvcrt.dll:msvcrt.dll (00007FF9B79E0000), size: 684032 (result: 0), SymType: '-nosymbols-', PDB: 'C:\Windows\System32\msvcrt.dll', fileVersion: 7.0.22621.2506
C:\Windows\System32\gdi32full.dll:gdi32full.dll (00007FF9B70B0000), size: 1159168 (result: 0), SymType: '-nosymbols-', PDB: 'C:\Windows\System32\gdi32full.dll', fileVersion: 10.0.22621.4391
C:\Unity\2022.3.47f1\Editor\FreeImage.dll:FreeImage.dll (0000000180000000), size: 5783552 (result: 0), SymType: '-nosymbols-', PDB: 'C:\Unity\2022.3.47f1\Editor\FreeImage.dll', fileVersion: 3.18.0.0
C:\Unity\2022.3.47f1\Editor\WinPixEventRuntime.dll:WinPixEventRuntime.dll (00007FF9B31C0000), size: 45056 (result: 0), SymType: '-nosymbols-', PDB: 'C:\Unity\2022.3.47f1\Editor\WinPixEventRuntime.dll', fileVersion: 1.0.1812.6001
C:\Windows\System32\sechost.dll:sechost.dll (00007FF9B8E00000), size: 684032 (result: 0), SymType: '-nosymbols-', PDB: 'C:\Windows\System32\sechost.dll', fileVersion: 10.0.22621.4391
C:\Windows\System32\msvcp_win.dll:msvcp_win.dll (00007FF9B6EF0000), size: 630784 (result: 0), SymType: '-nosymbols-', PDB: 'C:\Windows\System32\msvcp_win.dll', fileVersion: 10.0.22621.3374
C:\Windows\System32\WS2_32.dll:WS2_32.dll (00007FF9B9880000), size: 462848 (result: 0), SymType: '-nosymbols-', PDB: 'C:\Windows\System32\WS2_32.dll', fileVersion: 10.0.22621.1
C:\Windows\System32\SHELL32.dll:SHELL32.dll (00007FF9B83F0000), size: 8871936 (result: 0), SymType: '-nosymbols-', PDB: 'C:\Windows\System32\SHELL32.dll', fileVersion: 10.0.22621.4460
C:\Windows\System32\RPCRT4.dll:RPCRT4.dll (00007FF9B9360000), size: 1130496 (result: 0), SymType: '-nosymbols-', PDB: 'C:\Windows\System32\RPCRT4.dll', fileVersion: 10.0.22621.4249
C:\Unity\2022.3.47f1\Editor\umbraoptimizer64.dll:umbraoptimizer64.dll (00007FF90D520000), size: 1187840 (result: 0), SymType: '-nosymbols-', PDB: 'C:\Unity\2022.3.47f1\Editor\umbraoptimizer64.dll'
C:\Windows\System32\SHLWAPI.dll:SHLWAPI.dll (00007FF9B9630000), size: 385024 (result: 0), SymType: '-nosymbols-', PDB: 'C:\Windows\System32\SHLWAPI.dll', fileVersion: 10.0.22621.4391
C:\Windows\System32\ole32.dll:ole32.dll (00007FF9B8040000), size: 1724416 (result: 0), SymType: '-nosymbols-', PDB: 'C:\Windows\System32\ole32.dll', fileVersion: 10.0.22621.3958
C:\Windows\System32\combase.dll:combase.dll (00007FF9B8EC0000), size: 3731456 (result: 0), SymType: '-nosymbols-', PDB: 'C:\Windows\System32\combase.dll', fileVersion: 10.0.22621.4391
C:\Windows\System32\IMM32.dll:IMM32.dll (00007FF9B8300000), size: 200704 (result: 0), SymType: '-nosymbols-', PDB: 'C:\Windows\System32\IMM32.dll', fileVersion: 10.0.22621.3374
C:\Windows\System32\SETUPAPI.dll:SETUPAPI.dll (00007FF9B7A90000), size: 4669440 (result: 0), SymType: '-nosymbols-', PDB: 'C:\Windows\System32\SETUPAPI.dll', fileVersion: 10.0.22621.2506
C:\Windows\SYSTEM32\MSVCP140.dll:MSVCP140.dll (00007FF9A2640000), size: 577536 (result: 0), SymType: '-nosymbols-', PDB: 'C:\Windows\SYSTEM32\MSVCP140.dll', fileVersion: 14.40.33810.0
C:\Windows\SYSTEM32\VCRUNTIME140.dll:VCRUNTIME140.dll (00007FF9A2760000), size: 122880 (result: 0), SymType: '-nosymbols-', PDB: 'C:\Windows\SYSTEM32\VCRUNTIME140.dll', fileVersion: 14.40.33810.0
C:\Windows\SYSTEM32\VCRUNTIME140_1.dll:VCRUNTIME140_1.dll (00007FF9A2780000), size: 49152 (result: 0), SymType: '-nosymbols-', PDB: 'C:\Windows\SYSTEM32\VCRUNTIME140_1.dll', fileVersion: 14.40.33810.0
C:\Windows\System32\OLEAUT32.dll:OLEAUT32.dll (00007FF9B9690000), size: 880640 (result: 0), SymType: '-nosymbols-', PDB: 'C:\Windows\System32\OLEAUT32.dll', fileVersion: 10.0.22621.3672
C:\Windows\System32\WINTRUST.dll:WINTRUST.dll (00007FF9B7010000), size: 442368 (result: 0), SymType: '-nosymbols-', PDB: 'C:\Windows\System32\WINTRUST.dll', fileVersion: 10.0.22621.4391
C:\Windows\SYSTEM32\OPENGL32.dll:OPENGL32.dll (00007FF9255C0000), size: 1048576 (result: 0), SymType: '-nosymbols-', PDB: 'C:\Windows\SYSTEM32\OPENGL32.dll', fileVersion: 10.0.22621.4391
C:\Windows\SYSTEM32\GLU32.dll:GLU32.dll (00007FF92B4E0000), size: 184320 (result: 0), SymType: '-nosymbols-', PDB: 'C:\Windows\SYSTEM32\GLU32.dll', fileVersion: 10.0.22621.2506
C:\Windows\SYSTEM32\IPHLPAPI.DLL:IPHLPAPI.DLL (00007FF9B59D0000), size: 184320 (result: 0), SymType: '-nosymbols-', PDB: 'C:\Windows\SYSTEM32\IPHLPAPI.DLL', fileVersion: 10.0.22621.1
C:\Windows\SYSTEM32\WINHTTP.dll:WINHTTP.dll (00007FF9B1D00000), size: 1269760 (result: 0), SymType: '-nosymbols-', PDB: 'C:\Windows\SYSTEM32\WINHTTP.dll', fileVersion: 10.0.22621.4391
C:\Windows\SYSTEM32\HID.DLL:HID.DLL (00007FF9B5700000), size: 57344 (result: 0), SymType: '-nosymbols-', PDB: 'C:\Windows\SYSTEM32\HID.DLL', fileVersion: 10.0.22621.1
C:\Windows\SYSTEM32\WINMM.dll:WINMM.dll (00007FF9AE2C0000), size: 212992 (result: 0), SymType: '-nosymbols-', PDB: 'C:\Windows\SYSTEM32\WINMM.dll', fileVersion: 10.0.22621.4391
C:\Windows\SYSTEM32\dwmapi.dll:dwmapi.dll (00007FF9B35B0000), size: 176128 (result: 0), SymType: '-nosymbols-', PDB: 'C:\Windows\SYSTEM32\dwmapi.dll', fileVersion: 10.0.22621.4391
C:\Unity\2022.3.47f1\Editor\SketchUpAPI.dll:SketchUpAPI.dll (00007FF8EDEE0000), size: 8990720 (result: 0), SymType: '-nosymbols-', PDB: 'C:\Unity\2022.3.47f1\Editor\SketchUpAPI.dll', fileVersion: 23.0.0.0
C:\Unity\2022.3.47f1\Editor\NativeProxyHelper.dll:NativeProxyHelper.dll (00007FF90CC40000), size: 1789952 (result: 0), SymType: '-nosymbols-', PDB: 'C:\Unity\2022.3.47f1\Editor\NativeProxyHelper.dll'
C:\Windows\SYSTEM32\VERSION.dll:VERSION.dll (00007FF9ADC10000), size: 40960 (result: 0), SymType: '-nosymbols-', PDB: 'C:\Windows\SYSTEM32\VERSION.dll', fileVersion: 10.0.22621.1
C:\Windows\SYSTEM32\WSOCK32.dll:WSOCK32.dll (00007FF9836A0000), size: 36864 (result: 0), SymType: '-nosymbols-', PDB: 'C:\Windows\SYSTEM32\WSOCK32.dll', fileVersion: 10.0.22621.1
C:\Unity\2022.3.47f1\Editor\SketchUpCommonPreferences.dll:SketchUpCommonPreferences.dll (00007FF963000000), size: 499712 (result: 0), SymType: '-nosymbols-', PDB: 'C:\Unity\2022.3.47f1\Editor\SketchUpCommonPreferences.dll', fileVersion: 23.0.0.0
C:\Windows\SYSTEM32\Secur32.dll:Secur32.dll (00007FF9B5DB0000), size: 49152 (result: 0), SymType: '-nosymbols-', PDB: 'C:\Windows\SYSTEM32\Secur32.dll', fileVersion: 10.0.22621.1
C:\Windows\SYSTEM32\dxcore.dll:dxcore.dll (00007FF9B44F0000), size: 225280 (result: 0), SymType: '-nosymbols-', PDB: 'C:\Windows\SYSTEM32\dxcore.dll', fileVersion: 10.0.22621.4391
C:\Windows\SYSTEM32\SSPICLI.DLL:SSPICLI.DLL (00007FF9B6250000), size: 274432 (result: 0), SymType: '-nosymbols-', PDB: 'C:\Windows\SYSTEM32\SSPICLI.DLL', fileVersion: 10.0.22621.3810
C:\Unity\2022.3.47f1\Editor\OpenRL.dll:OpenRL.dll (000001E512490000), size: 12779520 (result: 0), SymType: '-nosymbols-', PDB: 'C:\Unity\2022.3.47f1\Editor\OpenRL.dll', fileVersion: 1.5.0.2907
C:\Windows\SYSTEM32\MSVCP100.dll:MSVCP100.dll (0000000066850000), size: 622592 (result: 0), SymType: '-nosymbols-', PDB: 'C:\Windows\SYSTEM32\MSVCP100.dll', fileVersion: 10.0.40219.325
C:\Windows\SYSTEM32\MSVCR100.dll:MSVCR100.dll (0000000066770000), size: 860160 (result: 0), SymType: '-nosymbols-', PDB: 'C:\Windows\SYSTEM32\MSVCR100.dll', fileVersion: 10.0.40219.325
C:\Unity\2022.3.47f1\Editor\embree.dll:embree.dll (00007FF8ECEF0000), size: 16711680 (result: 0), SymType: '-nosymbols-', PDB: 'C:\Unity\2022.3.47f1\Editor\embree.dll', fileVersion: 2.14.0.0
C:\Windows\SYSTEM32\cfgmgr32.DLL:cfgmgr32.DLL (00007FF9B6BE0000), size: 319488 (result: 0), SymType: '-nosymbols-', PDB: 'C:\Windows\SYSTEM32\cfgmgr32.DLL', fileVersion: 10.0.22621.2506
C:\Unity\2022.3.47f1\Editor\tbb.dll:tbb.dll (00007FF967380000), size: 413696 (result: 0), SymType: '-nosymbols-', PDB: 'C:\Unity\2022.3.47f1\Editor\tbb.dll', fileVersion: 2017.0.2016.1004
C:\Windows\SYSTEM32\MSWSOCK.DLL:MSWSOCK.DLL (00007FF9B6460000), size: 430080 (result: 0), SymType: '-nosymbols-', PDB: 'C:\Windows\SYSTEM32\MSWSOCK.DLL', fileVersion: 10.0.22621.2506
C:\Windows\SYSTEM32\MSVCP120.dll:MSVCP120.dll (00007FF940630000), size: 679936 (result: 0), SymType: '-nosymbols-', PDB: 'C:\Windows\SYSTEM32\MSVCP120.dll', fileVersion: 12.0.21005.1
C:\Windows\SYSTEM32\MSVCR120.dll:MSVCR120.dll (00007FF8C90E0000), size: 978944 (result: 0), SymType: '-nosymbols-', PDB: 'C:\Windows\SYSTEM32\MSVCR120.dll', fileVersion: 12.0.21005.1
C:\Unity\2022.3.47f1\Editor\OpenRL_pthread.dll:OpenRL_pthread.dll (000001E5130E0000), size: 61440 (result: 0), SymType: '-nosymbols-', PDB: 'C:\Unity\2022.3.47f1\Editor\OpenRL_pthread.dll', fileVersion: 2.9.0.0
C:\Windows\SYSTEM32\MSASN1.dll:MSASN1.dll (00007FF9B6B90000), size: 73728 (result: 0), SymType: '-nosymbols-', PDB: 'C:\Windows\SYSTEM32\MSASN1.dll', fileVersion: 10.0.22621.2506
C:\Windows\System32\bcryptprimitives.dll:bcryptprimitives.dll (00007FF9B6F90000), size: 503808 (result: 0), SymType: '-nosymbols-', PDB: 'C:\Windows\System32\bcryptprimitives.dll', fileVersion: 10.0.22621.4317
C:\Windows\SYSTEM32\kernel.appcore.dll:kernel.appcore.dll (00007FF9B5FE0000), size: 98304 (result: 0), SymType: '-nosymbols-', PDB: 'C:\Windows\SYSTEM32\kernel.appcore.dll', fileVersion: 10.0.22621.3958
C:\Windows\system32\uxtheme.dll:uxtheme.dll (00007FF9B3420000), size: 724992 (result: 0), SymType: '-nosymbols-', PDB: 'C:\Windows\system32\uxtheme.dll', fileVersion: 10.0.22621.4391
C:\Windows\SYSTEM32\windows.storage.dll:windows.storage.dll (00007FF9B4DC0000), size: 9449472 (result: 0), SymType: '-nosymbols-', PDB: 'C:\Windows\SYSTEM32\windows.storage.dll', fileVersion: 10.0.22621.4391
C:\Windows\SYSTEM32\wintypes.dll:wintypes.dll (00007FF9B4C80000), size: 1306624 (result: 0), SymType: '-nosymbols-', PDB: 'C:\Windows\SYSTEM32\wintypes.dll', fileVersion: 10.0.22621.3810
C:\Windows\System32\SHCORE.dll:SHCORE.dll (00007FF9B81F0000), size: 1019904 (result: 0), SymType: '-nosymbols-', PDB: 'C:\Windows\System32\SHCORE.dll', fileVersion: 10.0.22621.4391
C:\Windows\SYSTEM32\profapi.dll:profapi.dll (00007FF9B6E20000), size: 176128 (result: 0), SymType: '-nosymbols-', PDB: 'C:\Windows\SYSTEM32\profapi.dll', fileVersion: 10.0.22621.4391
C:\Windows\system32\IconCodecService.dll:IconCodecService.dll (00007FF9B31A0000), size: 36864 (result: 0), SymType: '-nosymbols-', PDB: 'C:\Windows\system32\IconCodecService.dll', fileVersion: 10.0.22621.1
C:\Windows\SYSTEM32\WindowsCodecs.dll:WindowsCodecs.dll (00007FF9B3230000), size: 1769472 (result: 0), SymType: '-nosymbols-', PDB: 'C:\Windows\SYSTEM32\WindowsCodecs.dll', fileVersion: 10.0.22621.4455
C:\Windows\System32\clbcatq.dll:clbcatq.dll (00007FF9B8340000), size: 720896 (result: 0), SymType: '-nosymbols-', PDB: 'C:\Windows\System32\clbcatq.dll', fileVersion: 2001.12.10941.16384
C:\Windows\System32\netprofm.dll:netprofm.dll (00007FF9B2CF0000), size: 491520 (result: 0), SymType: '-nosymbols-', PDB: 'C:\Windows\System32\netprofm.dll', fileVersion: 10.0.22621.3527
C:\Windows\System32\npmproxy.dll:npmproxy.dll (00007FF9B0410000), size: 98304 (result: 0), SymType: '-nosymbols-', PDB: 'C:\Windows\System32\npmproxy.dll', fileVersion: 10.0.22621.3527
C:\Windows\System32\NSI.dll:NSI.dll (00007FF9B8DF0000), size: 36864 (result: 0), SymType: '-nosymbols-', PDB: 'C:\Windows\System32\NSI.dll', fileVersion: 10.0.22621.1
C:\Windows\SYSTEM32\dhcpcsvc6.DLL:dhcpcsvc6.DLL (00007FF9B1AE0000), size: 102400 (result: 0), SymType: '-nosymbols-', PDB: 'C:\Windows\SYSTEM32\dhcpcsvc6.DLL', fileVersion: 10.0.22621.2506
C:\Windows\SYSTEM32\dhcpcsvc.DLL:dhcpcsvc.DLL (00007FF9B1AB0000), size: 126976 (result: 0), SymType: '-nosymbols-', PDB: 'C:\Windows\SYSTEM32\dhcpcsvc.DLL', fileVersion: 10.0.22621.2506
C:\Windows\SYSTEM32\DNSAPI.dll:DNSAPI.dll (00007FF9B5A00000), size: 1056768 (result: 0), SymType: '-nosymbols-', PDB: 'C:\Windows\SYSTEM32\DNSAPI.dll', fileVersion: 10.0.22621.4391
C:\Windows\system32\napinsp.dll:napinsp.dll (00007FF9913A0000), size: 94208 (result: 0), SymType: '-nosymbols-', PDB: 'C:\Windows\system32\napinsp.dll', fileVersion: 10.0.22621.1
C:\Windows\system32\pnrpnsp.dll:pnrpnsp.dll (00007FF98F8C0000), size: 110592 (result: 0), SymType: '-nosymbols-', PDB: 'C:\Windows\system32\pnrpnsp.dll', fileVersion: 10.0.22621.1
  ERROR: SymGetSymFromAddr64, GetLastError: '试图访问无效的地址。
' (Address: 00007FF9B722FA4C)
0x00007FF9B722FA4C (KERNELBASE) (function-name not available)
  ERROR: SymGetSymFromAddr64, GetLastError: '试图访问无效的地址。
' (Address: 00007FF6242BBCC0)
0x00007FF6242BBCC0 (Unity) (function-name not available)
  ERROR: SymGetSymFromAddr64, GetLastError: '试图访问无效的地址。
' (Address: 00007FF6242BC73D)
0x00007FF6242BC73D (Unity) (function-name not available)
  ERROR: SymGetSymFromAddr64, GetLastError: '试图访问无效的地址。
' (Address: 00007FF624F8058F)
0x00007FF624F8058F (Unity) (function-name not available)
  ERROR: SymGetSymFromAddr64, GetLastError: '试图访问无效的地址。
' (Address: 00007FF624F7FCEA)
0x00007FF624F7FCEA (Unity) (function-name not available)
  ERROR: SymGetSymFromAddr64, GetLastError: '试图访问无效的地址。
' (Address: 00007FF6230CCFE6)
0x00007FF6230CCFE6 (Unity) (function-name not available)
  ERROR: SymGetSymFromAddr64, GetLastError: '试图访问无效的地址。
' (Address: 00007FF6230C662A)
0x00007FF6230C662A (Unity) (function-name not available)
  ERROR: SymGetSymFromAddr64, GetLastError: '试图访问无效的地址。
' (Address: 00007FF6230D09EE)
0x00007FF6230D09EE (Unity) (function-name not available)
  ERROR: SymGetSymFromAddr64, GetLastError: '试图访问无效的地址。
' (Address: 00007FF6229B6527)
0x00007FF6229B6527 (Unity) (function-name not available)
  ERROR: SymGetSymFromAddr64, GetLastError: '试图访问无效的地址。
' (Address: 00007FF6229B522A)
0x00007FF6229B522A (Unity) (function-name not available)
  ERROR: SymGetSymFromAddr64, GetLastError: '试图访问无效的地址。
' (Address: 00007FF6237B5467)
0x00007FF6237B5467 (Unity) (function-name not available)
  ERROR: SymGetSymFromAddr64, GetLastError: '试图访问无效的地址。
' (Address: 00007FF6237B4961)
0x00007FF6237B4961 (Unity) (function-name not available)
  ERROR: SymGetSymFromAddr64, GetLastError: '试图访问无效的地址。
' (Address: 00007FF6237B477B)
0x00007FF6237B477B (Unity) (function-name not available)
  ERROR: SymGetSymFromAddr64, GetLastError: '试图访问无效的地址。
' (Address: 00007FF6237B3D4C)
0x00007FF6237B3D4C (Unity) (function-name not available)
  ERROR: SymGetSymFromAddr64, GetLastError: '试图访问无效的地址。
' (Address: 00007FF6237B6D1C)
0x00007FF6237B6D1C (Unity) (function-name not available)
  ERROR: SymGetSymFromAddr64, GetLastError: '试图访问无效的地址。
' (Address: 00007FF6247627FB)
0x00007FF6247627FB (Unity) (function-name not available)
  ERROR: SymGetSymFromAddr64, GetLastError: '试图访问无效的地址。
' (Address: 00007FF624C48F84)
0x00007FF624C48F84 (Unity) (function-name not available)
  ERROR: SymGetSymFromAddr64, GetLastError: '试图访问无效的地址。
' (Address: 00007FF624C69BAF)
0x00007FF624C69BAF (Unity) (function-name not available)
  ERROR: SymGetSymFromAddr64, GetLastError: '试图访问无效的地址。
' (Address: 00007FF624CA5A22)
0x00007FF624CA5A22 (Unity) (function-name not available)
  ERROR: SymGetSymFromAddr64, GetLastError: '试图访问无效的地址。
' (Address: 00007FF624C9196E)
0x00007FF624C9196E (Unity) (function-name not available)
  ERROR: SymGetSymFromAddr64, GetLastError: '试图访问无效的地址。
' (Address: 00007FF624C9359E)
0x00007FF624C9359E (Unity) (function-name not available)
  ERROR: SymGetSymFromAddr64, GetLastError: '试图访问无效的地址。
' (Address: 00007FF624CA3DCC)
0x00007FF624CA3DCC (Unity) (function-name not available)
  ERROR: SymGetSymFromAddr64, GetLastError: '试图访问无效的地址。
' (Address: 00007FF624C771CF)
0x00007FF624C771CF (Unity) (function-name not available)
  ERROR: SymGetSymFromAddr64, GetLastError: '试图访问无效的地址。
' (Address: 00007FF624C42B37)
0x00007FF624C42B37 (Unity) (function-name not available)
  ERROR: SymGetSymFromAddr64, GetLastError: '试图访问无效的地址。
' (Address: 00007FF624C42BBB)
0x00007FF624C42BBB (Unity) (function-name not available)
  ERROR: SymGetSymFromAddr64, GetLastError: '试图访问无效的地址。
' (Address: 00007FF62443BA5E)
0x00007FF62443BA5E (Unity) (function-name not available)
  ERROR: SymGetSymFromAddr64, GetLastError: '试图访问无效的地址。
' (Address: 00007FF6248CF4E5)
0x00007FF6248CF4E5 (Unity) (function-name not available)
  ERROR: SymGetSymFromAddr64, GetLastError: '试图访问无效的地址。
' (Address: 00007FF625C814DE)
0x00007FF625C814DE (Unity) (function-name not available)
  ERROR: SymGetSymFromAddr64, GetLastError: '试图访问无效的地址。
' (Address: 00007FF9B792259D)
0x00007FF9B792259D (KERNEL32) (function-name not available)
  ERROR: SymGetSymFromAddr64, GetLastError: '试图访问无效的地址。
' (Address: 00007FF9B9C4AF38)
0x00007FF9B9C4AF38 (ntdll) (function-name not available)

========== END OF STACKTRACE ===========

A crash has been intercepted by the crash handler. For call stack and other details, see the latest crash report generated in:
 * C:/Users/PH123/AppData/Local/Temp/Unity/Editor/Crashes
